<?xml version="1.0" encoding="UTF-8"?>
<testsuite xmlns:xsi="http://www.w3.org/2001/XMLSchema-instance" xsi:noNamespaceSchemaLocation="https://maven.apache.org/surefire/maven-surefire-plugin/xsd/surefire-test-report.xsd" name="fr.zaroumia.helloworld.HelloWorldApplicationTests" time="3.891" tests="1" errors="0" skipped="0" failures="0">
  <properties>
    <property name="sun.desktop" value="windows"/>
    <property name="awt.toolkit" value="sun.awt.windows.WToolkit"/>
    <property name="file.encoding.pkg" value="sun.io"/>
    <property name="java.specification.version" value="1.8"/>
    <property name="sun.cpu.isalist" value="amd64"/>
    <property name="sun.jnu.encoding" value="Cp1252"/>
    <property name="java.class.path" value="D:\downloads\hello-world\hello-world\target\test-classes;D:\downloads\hello-world\hello-world\target\classes;D:\Tools\localRepo\org\springframework\boot\spring-boot-starter-batch\2.2.1.RELEASE\spring-boot-starter-batch-2.2.1.RELEASE.jar;D:\Tools\localRepo\org\springframework\boot\spring-boot-starter\2.2.1.RELEASE\spring-boot-starter-2.2.1.RELEASE.jar;D:\Tools\localRepo\org\springframework\boot\spring-boot\2.2.1.RELEASE\spring-boot-2.2.1.RELEASE.jar;D:\Tools\localRepo\org\springframework\boot\spring-boot-autoconfigure\2.2.1.RELEASE\spring-boot-autoconfigure-2.2.1.RELEASE.jar;D:\Tools\localRepo\org\springframework\boot\spring-boot-starter-logging\2.2.1.RELEASE\spring-boot-starter-logging-2.2.1.RELEASE.jar;D:\Tools\localRepo\ch\qos\logback\logback-classic\1.2.3\logback-classic-1.2.3.jar;D:\Tools\localRepo\ch\qos\logback\logback-core\1.2.3\logback-core-1.2.3.jar;D:\Tools\localRepo\org\apache\logging\log4j\log4j-to-slf4j\2.12.1\log4j-to-slf4j-2.12.1.jar;D:\Tools\localRepo\org\apache\logging\log4j\log4j-api\2.12.1\log4j-api-2.12.1.jar;D:\Tools\localRepo\org\slf4j\jul-to-slf4j\1.7.29\jul-to-slf4j-1.7.29.jar;D:\Tools\localRepo\jakarta\annotation\jakarta.annotation-api\1.3.5\jakarta.annotation-api-1.3.5.jar;D:\Tools\localRepo\org\yaml\snakeyaml\1.25\snakeyaml-1.25.jar;D:\Tools\localRepo\org\springframework\batch\spring-batch-core\4.2.0.RELEASE\spring-batch-core-4.2.0.RELEASE.jar;D:\Tools\localRepo\com\fasterxml\jackson\core\jackson-databind\2.10.0\jackson-databind-2.10.0.jar;D:\Tools\localRepo\com\fasterxml\jackson\core\jackson-annotations\2.10.0\jackson-annotations-2.10.0.jar;D:\Tools\localRepo\com\fasterxml\jackson\core\jackson-core\2.10.0\jackson-core-2.10.0.jar;D:\Tools\localRepo\io\micrometer\micrometer-core\1.3.1\micrometer-core-1.3.1.jar;D:\Tools\localRepo\org\hdrhistogram\HdrHistogram\2.1.11\HdrHistogram-2.1.11.jar;D:\Tools\localRepo\org\latencyutils\LatencyUtils\2.0.3\LatencyUtils-2.0.3.jar;D:\Tools\localRepo\javax\batch\javax.batch-api\1.0\javax.batch-api-1.0.jar;D:\Tools\localRepo\org\codehaus\jettison\jettison\1.2\jettison-1.2.jar;D:\Tools\localRepo\org\springframework\batch\spring-batch-infrastructure\4.2.0.RELEASE\spring-batch-infrastructure-4.2.0.RELEASE.jar;D:\Tools\localRepo\org\springframework\retry\spring-retry\1.2.4.RELEASE\spring-retry-1.2.4.RELEASE.jar;D:\Tools\localRepo\org\springframework\spring-aop\5.2.1.RELEASE\spring-aop-5.2.1.RELEASE.jar;D:\Tools\localRepo\org\springframework\spring-beans\5.2.1.RELEASE\spring-beans-5.2.1.RELEASE.jar;D:\Tools\localRepo\org\springframework\spring-context\5.2.1.RELEASE\spring-context-5.2.1.RELEASE.jar;D:\Tools\localRepo\org\springframework\spring-expression\5.2.1.RELEASE\spring-expression-5.2.1.RELEASE.jar;D:\Tools\localRepo\org\springframework\spring-tx\5.2.1.RELEASE\spring-tx-5.2.1.RELEASE.jar;D:\Tools\localRepo\org\springframework\boot\spring-boot-starter-jdbc\2.2.1.RELEASE\spring-boot-starter-jdbc-2.2.1.RELEASE.jar;D:\Tools\localRepo\com\zaxxer\HikariCP\3.4.1\HikariCP-3.4.1.jar;D:\Tools\localRepo\org\slf4j\slf4j-api\1.7.29\slf4j-api-1.7.29.jar;D:\Tools\localRepo\org\springframework\spring-jdbc\5.2.1.RELEASE\spring-jdbc-5.2.1.RELEASE.jar;D:\Tools\localRepo\com\h2database\h2\1.4.200\h2-1.4.200.jar;D:\Tools\localRepo\org\springframework\boot\spring-boot-starter-test\2.2.1.RELEASE\spring-boot-starter-test-2.2.1.RELEASE.jar;D:\Tools\localRepo\org\springframework\boot\spring-boot-test\2.2.1.RELEASE\spring-boot-test-2.2.1.RELEASE.jar;D:\Tools\localRepo\org\springframework\boot\spring-boot-test-autoconfigure\2.2.1.RELEASE\spring-boot-test-autoconfigure-2.2.1.RELEASE.jar;D:\Tools\localRepo\com\jayway\jsonpath\json-path\2.4.0\json-path-2.4.0.jar;D:\Tools\localRepo\net\minidev\json-smart\2.3\json-smart-2.3.jar;D:\Tools\localRepo\net\minidev\accessors-smart\1.2\accessors-smart-1.2.jar;D:\Tools\localRepo\org\ow2\asm\asm\5.0.4\asm-5.0.4.jar;D:\Tools\localRepo\jakarta\xml\bind\jakarta.xml.bind-api\2.3.2\jakarta.xml.bind-api-2.3.2.jar;D:\Tools\localRepo\jakarta\activation\jakarta.activation-api\1.2.1\jakarta.activation-api-1.2.1.jar;D:\Tools\localRepo\org\junit\jupiter\junit-jupiter\5.5.2\junit-jupiter-5.5.2.jar;D:\Tools\localRepo\org\junit\jupiter\junit-jupiter-api\5.5.2\junit-jupiter-api-5.5.2.jar;D:\Tools\localRepo\org\apiguardian\apiguardian-api\1.1.0\apiguardian-api-1.1.0.jar;D:\Tools\localRepo\org\opentest4j\opentest4j\1.2.0\opentest4j-1.2.0.jar;D:\Tools\localRepo\org\junit\platform\junit-platform-commons\1.5.2\junit-platform-commons-1.5.2.jar;D:\Tools\localRepo\org\junit\jupiter\junit-jupiter-params\5.5.2\junit-jupiter-params-5.5.2.jar;D:\Tools\localRepo\org\junit\jupiter\junit-jupiter-engine\5.5.2\junit-jupiter-engine-5.5.2.jar;D:\Tools\localRepo\org\junit\platform\junit-platform-engine\1.5.2\junit-platform-engine-1.5.2.jar;D:\Tools\localRepo\org\mockito\mockito-junit-jupiter\3.1.0\mockito-junit-jupiter-3.1.0.jar;D:\Tools\localRepo\org\assertj\assertj-core\3.13.2\assertj-core-3.13.2.jar;D:\Tools\localRepo\org\hamcrest\hamcrest\2.1\hamcrest-2.1.jar;D:\Tools\localRepo\org\mockito\mockito-core\3.1.0\mockito-core-3.1.0.jar;D:\Tools\localRepo\net\bytebuddy\byte-buddy\1.10.2\byte-buddy-1.10.2.jar;D:\Tools\localRepo\net\bytebuddy\byte-buddy-agent\1.10.2\byte-buddy-agent-1.10.2.jar;D:\Tools\localRepo\org\objenesis\objenesis\2.6\objenesis-2.6.jar;D:\Tools\localRepo\org\skyscreamer\jsonassert\1.5.0\jsonassert-1.5.0.jar;D:\Tools\localRepo\com\vaadin\external\google\android-json\0.0.20131108.vaadin1\android-json-0.0.20131108.vaadin1.jar;D:\Tools\localRepo\org\springframework\spring-core\5.2.1.RELEASE\spring-core-5.2.1.RELEASE.jar;D:\Tools\localRepo\org\springframework\spring-jcl\5.2.1.RELEASE\spring-jcl-5.2.1.RELEASE.jar;D:\Tools\localRepo\org\springframework\spring-test\5.2.1.RELEASE\spring-test-5.2.1.RELEASE.jar;D:\Tools\localRepo\org\xmlunit\xmlunit-core\2.6.3\xmlunit-core-2.6.3.jar;D:\Tools\localRepo\org\springframework\batch\spring-batch-test\4.2.0.RELEASE\spring-batch-test-4.2.0.RELEASE.jar;D:\Tools\localRepo\junit\junit\4.12\junit-4.12.jar;D:\Tools\localRepo\org\hamcrest\hamcrest-core\2.1\hamcrest-core-2.1.jar;"/>
    <property name="java.vm.vendor" value="Oracle Corporation"/>
    <property name="sun.arch.data.model" value="64"/>
    <property name="user.variant" value=""/>
    <property name="java.vendor.url" value="http://java.oracle.com/"/>
    <property name="user.timezone" value="Europe/Berlin"/>
    <property name="java.vm.specification.version" value="1.8"/>
    <property name="os.name" value="Windows 10"/>
    <property name="user.country" value="FR"/>
    <property name="sun.java.launcher" value="SUN_STANDARD"/>
    <property name="sun.boot.library.path" value="C:\Program Files\Java\jdk1.8.0_161\jre\bin"/>
    <property name="sun.java.command" value="C:\Users\Simo\AppData\Local\Temp\surefire1892183415890834368\surefirebooter7473525320008886612.jar C:\Users\Simo\AppData\Local\Temp\surefire1892183415890834368 2019-11-23T19-50-08_042-jvmRun1 surefire2866074535891107018tmp surefire_0739491589350655722tmp"/>
    <property name="surefire.test.class.path" value="D:\downloads\hello-world\hello-world\target\test-classes;D:\downloads\hello-world\hello-world\target\classes;D:\Tools\localRepo\org\springframework\boot\spring-boot-starter-batch\2.2.1.RELEASE\spring-boot-starter-batch-2.2.1.RELEASE.jar;D:\Tools\localRepo\org\springframework\boot\spring-boot-starter\2.2.1.RELEASE\spring-boot-starter-2.2.1.RELEASE.jar;D:\Tools\localRepo\org\springframework\boot\spring-boot\2.2.1.RELEASE\spring-boot-2.2.1.RELEASE.jar;D:\Tools\localRepo\org\springframework\boot\spring-boot-autoconfigure\2.2.1.RELEASE\spring-boot-autoconfigure-2.2.1.RELEASE.jar;D:\Tools\localRepo\org\springframework\boot\spring-boot-starter-logging\2.2.1.RELEASE\spring-boot-starter-logging-2.2.1.RELEASE.jar;D:\Tools\localRepo\ch\qos\logback\logback-classic\1.2.3\logback-classic-1.2.3.jar;D:\Tools\localRepo\ch\qos\logback\logback-core\1.2.3\logback-core-1.2.3.jar;D:\Tools\localRepo\org\apache\logging\log4j\log4j-to-slf4j\2.12.1\log4j-to-slf4j-2.12.1.jar;D:\Tools\localRepo\org\apache\logging\log4j\log4j-api\2.12.1\log4j-api-2.12.1.jar;D:\Tools\localRepo\org\slf4j\jul-to-slf4j\1.7.29\jul-to-slf4j-1.7.29.jar;D:\Tools\localRepo\jakarta\annotation\jakarta.annotation-api\1.3.5\jakarta.annotation-api-1.3.5.jar;D:\Tools\localRepo\org\yaml\snakeyaml\1.25\snakeyaml-1.25.jar;D:\Tools\localRepo\org\springframework\batch\spring-batch-core\4.2.0.RELEASE\spring-batch-core-4.2.0.RELEASE.jar;D:\Tools\localRepo\com\fasterxml\jackson\core\jackson-databind\2.10.0\jackson-databind-2.10.0.jar;D:\Tools\localRepo\com\fasterxml\jackson\core\jackson-annotations\2.10.0\jackson-annotations-2.10.0.jar;D:\Tools\localRepo\com\fasterxml\jackson\core\jackson-core\2.10.0\jackson-core-2.10.0.jar;D:\Tools\localRepo\io\micrometer\micrometer-core\1.3.1\micrometer-core-1.3.1.jar;D:\Tools\localRepo\org\hdrhistogram\HdrHistogram\2.1.11\HdrHistogram-2.1.11.jar;D:\Tools\localRepo\org\latencyutils\LatencyUtils\2.0.3\LatencyUtils-2.0.3.jar;D:\Tools\localRepo\javax\batch\javax.batch-api\1.0\javax.batch-api-1.0.jar;D:\Tools\localRepo\org\codehaus\jettison\jettison\1.2\jettison-1.2.jar;D:\Tools\localRepo\org\springframework\batch\spring-batch-infrastructure\4.2.0.RELEASE\spring-batch-infrastructure-4.2.0.RELEASE.jar;D:\Tools\localRepo\org\springframework\retry\spring-retry\1.2.4.RELEASE\spring-retry-1.2.4.RELEASE.jar;D:\Tools\localRepo\org\springframework\spring-aop\5.2.1.RELEASE\spring-aop-5.2.1.RELEASE.jar;D:\Tools\localRepo\org\springframework\spring-beans\5.2.1.RELEASE\spring-beans-5.2.1.RELEASE.jar;D:\Tools\localRepo\org\springframework\spring-context\5.2.1.RELEASE\spring-context-5.2.1.RELEASE.jar;D:\Tools\localRepo\org\springframework\spring-expression\5.2.1.RELEASE\spring-expression-5.2.1.RELEASE.jar;D:\Tools\localRepo\org\springframework\spring-tx\5.2.1.RELEASE\spring-tx-5.2.1.RELEASE.jar;D:\Tools\localRepo\org\springframework\boot\spring-boot-starter-jdbc\2.2.1.RELEASE\spring-boot-starter-jdbc-2.2.1.RELEASE.jar;D:\Tools\localRepo\com\zaxxer\HikariCP\3.4.1\HikariCP-3.4.1.jar;D:\Tools\localRepo\org\slf4j\slf4j-api\1.7.29\slf4j-api-1.7.29.jar;D:\Tools\localRepo\org\springframework\spring-jdbc\5.2.1.RELEASE\spring-jdbc-5.2.1.RELEASE.jar;D:\Tools\localRepo\com\h2database\h2\1.4.200\h2-1.4.200.jar;D:\Tools\localRepo\org\springframework\boot\spring-boot-starter-test\2.2.1.RELEASE\spring-boot-starter-test-2.2.1.RELEASE.jar;D:\Tools\localRepo\org\springframework\boot\spring-boot-test\2.2.1.RELEASE\spring-boot-test-2.2.1.RELEASE.jar;D:\Tools\localRepo\org\springframework\boot\spring-boot-test-autoconfigure\2.2.1.RELEASE\spring-boot-test-autoconfigure-2.2.1.RELEASE.jar;D:\Tools\localRepo\com\jayway\jsonpath\json-path\2.4.0\json-path-2.4.0.jar;D:\Tools\localRepo\net\minidev\json-smart\2.3\json-smart-2.3.jar;D:\Tools\localRepo\net\minidev\accessors-smart\1.2\accessors-smart-1.2.jar;D:\Tools\localRepo\org\ow2\asm\asm\5.0.4\asm-5.0.4.jar;D:\Tools\localRepo\jakarta\xml\bind\jakarta.xml.bind-api\2.3.2\jakarta.xml.bind-api-2.3.2.jar;D:\Tools\localRepo\jakarta\activation\jakarta.activation-api\1.2.1\jakarta.activation-api-1.2.1.jar;D:\Tools\localRepo\org\junit\jupiter\junit-jupiter\5.5.2\junit-jupiter-5.5.2.jar;D:\Tools\localRepo\org\junit\jupiter\junit-jupiter-api\5.5.2\junit-jupiter-api-5.5.2.jar;D:\Tools\localRepo\org\apiguardian\apiguardian-api\1.1.0\apiguardian-api-1.1.0.jar;D:\Tools\localRepo\org\opentest4j\opentest4j\1.2.0\opentest4j-1.2.0.jar;D:\Tools\localRepo\org\junit\platform\junit-platform-commons\1.5.2\junit-platform-commons-1.5.2.jar;D:\Tools\localRepo\org\junit\jupiter\junit-jupiter-params\5.5.2\junit-jupiter-params-5.5.2.jar;D:\Tools\localRepo\org\junit\jupiter\junit-jupiter-engine\5.5.2\junit-jupiter-engine-5.5.2.jar;D:\Tools\localRepo\org\junit\platform\junit-platform-engine\1.5.2\junit-platform-engine-1.5.2.jar;D:\Tools\localRepo\org\mockito\mockito-junit-jupiter\3.1.0\mockito-junit-jupiter-3.1.0.jar;D:\Tools\localRepo\org\assertj\assertj-core\3.13.2\assertj-core-3.13.2.jar;D:\Tools\localRepo\org\hamcrest\hamcrest\2.1\hamcrest-2.1.jar;D:\Tools\localRepo\org\mockito\mockito-core\3.1.0\mockito-core-3.1.0.jar;D:\Tools\localRepo\net\bytebuddy\byte-buddy\1.10.2\byte-buddy-1.10.2.jar;D:\Tools\localRepo\net\bytebuddy\byte-buddy-agent\1.10.2\byte-buddy-agent-1.10.2.jar;D:\Tools\localRepo\org\objenesis\objenesis\2.6\objenesis-2.6.jar;D:\Tools\localRepo\org\skyscreamer\jsonassert\1.5.0\jsonassert-1.5.0.jar;D:\Tools\localRepo\com\vaadin\external\google\android-json\0.0.20131108.vaadin1\android-json-0.0.20131108.vaadin1.jar;D:\Tools\localRepo\org\springframework\spring-core\5.2.1.RELEASE\spring-core-5.2.1.RELEASE.jar;D:\Tools\localRepo\org\springframework\spring-jcl\5.2.1.RELEASE\spring-jcl-5.2.1.RELEASE.jar;D:\Tools\localRepo\org\springframework\spring-test\5.2.1.RELEASE\spring-test-5.2.1.RELEASE.jar;D:\Tools\localRepo\org\xmlunit\xmlunit-core\2.6.3\xmlunit-core-2.6.3.jar;D:\Tools\localRepo\org\springframework\batch\spring-batch-test\4.2.0.RELEASE\spring-batch-test-4.2.0.RELEASE.jar;D:\Tools\localRepo\junit\junit\4.12\junit-4.12.jar;D:\Tools\localRepo\org\hamcrest\hamcrest-core\2.1\hamcrest-core-2.1.jar;"/>
    <property name="sun.cpu.endian" value="little"/>
    <property name="user.home" value="C:\Users\Simo"/>
    <property name="user.language" value="fr"/>
    <property name="java.specification.vendor" value="Oracle Corporation"/>
    <property name="java.home" value="C:\Program Files\Java\jdk1.8.0_161\jre"/>
    <property name="basedir" value="D:\downloads\hello-world\hello-world"/>
    <property name="file.separator" value="\"/>
    <property name="line.separator" value="&#10;"/>
    <property name="java.vm.specification.vendor" value="Oracle Corporation"/>
    <property name="java.specification.name" value="Java Platform API Specification"/>
    <property name="java.awt.graphicsenv" value="sun.awt.Win32GraphicsEnvironment"/>
    <property name="surefire.real.class.path" value="C:\Users\Simo\AppData\Local\Temp\surefire1892183415890834368\surefirebooter7473525320008886612.jar"/>
    <property name="sun.boot.class.path" value="C:\Program Files\Java\jdk1.8.0_161\jre\lib\resources.jar;C:\Program Files\Java\jdk1.8.0_161\jre\lib\rt.jar;C:\Program Files\Java\jdk1.8.0_161\jre\lib\sunrsasign.jar;C:\Program Files\Java\jdk1.8.0_161\jre\lib\jsse.jar;C:\Program Files\Java\jdk1.8.0_161\jre\lib\jce.jar;C:\Program Files\Java\jdk1.8.0_161\jre\lib\charsets.jar;C:\Program Files\Java\jdk1.8.0_161\jre\lib\jfr.jar;C:\Program Files\Java\jdk1.8.0_161\jre\classes"/>
    <property name="user.script" value=""/>
    <property name="sun.management.compiler" value="HotSpot 64-Bit Tiered Compilers"/>
    <property name="java.runtime.version" value="1.8.0_161-b12"/>
    <property name="user.name" value="Simo"/>
    <property name="path.separator" value=";"/>
    <property name="os.version" value="10.0"/>
    <property name="java.endorsed.dirs" value="C:\Program Files\Java\jdk1.8.0_161\jre\lib\endorsed"/>
    <property name="java.runtime.name" value="Java(TM) SE Runtime Environment"/>
    <property name="file.encoding" value="Cp1252"/>
    <property name="java.vm.name" value="Java HotSpot(TM) 64-Bit Server VM"/>
    <property name="localRepository" value="D:\Tools\localRepo"/>
    <property name="java.vendor.url.bug" value="http://bugreport.sun.com/bugreport/"/>
    <property name="java.io.tmpdir" value="C:\Users\Simo\AppData\Local\Temp\"/>
    <property name="java.version" value="1.8.0_161"/>
    <property name="user.dir" value="D:\downloads\hello-world\hello-world"/>
    <property name="os.arch" value="amd64"/>
    <property name="java.vm.specification.name" value="Java Virtual Machine Specification"/>
    <property name="java.awt.printerjob" value="sun.awt.windows.WPrinterJob"/>
    <property name="sun.os.patch.level" value=""/>
    <property name="java.library.path" value="C:\Program Files\Java\jdk1.8.0_161\jre\bin;C:\WINDOWS\Sun\Java\bin;C:\WINDOWS\system32;C:\WINDOWS;C:\Users\Simo\bin;C:\Program Files\Git\mingw64\bin;C:\Program Files\Git\usr\local\bin;C:\Program Files\Git\usr\bin;C:\Program Files\Git\usr\bin;C:\Program Files\Git\mingw64\bin;C:\Program Files\Git\usr\bin;C:\Users\Simo\bin;C:\ProgramData\Oracle\Java\javapath;C:\Program Files\Intel\iCLS Client;C:\WINDOWS\system32;C:\WINDOWS;C:\WINDOWS\System32\Wbem;C:\WINDOWS\System32\WindowsPowerShell\v1.0;C:\Program Files\TortoiseGit\bin;D:\Tools\apache-maven-3.5.2\bin;C:\Program Files\Java\jdk1.8.0_161;C:\Program Files\nodejs;C:\Program Files\Git\cmd;C:\Program Files\Amazon\AWSCLI;C:\Program Files\Calibre2;C:\Program Files (x86)\Windows Kits\8.1\Windows Performance Toolkit;C:\WINDOWS\System32\OpenSSH;C:\Program Files\PuTTY;C:\Program Files (x86)\Intel\Intel(R) Management Engine Components\DAL;C:\Program Files\Intel\Intel(R) Management Engine Components\DAL;C:\Users\Simo\AppData\Local\Microsoft\WindowsApps;C:\Program Files\Microsoft VS Code\bin;C:\Users\Simo\AppData\Local\atom\bin;C:\Users\Simo\AppData\Roaming\npm;%USERPROFILE%\AppData\Local\Microsoft\WindowsApps;C:\Program Files\Git\usr\bin\vendor_perl;C:\Program Files\Git\usr\bin\core_perl;."/>
    <property name="java.vm.info" value="mixed mode"/>
    <property name="java.vendor" value="Oracle Corporation"/>
    <property name="java.vm.version" value="25.161-b12"/>
    <property name="java.ext.dirs" value="C:\Program Files\Java\jdk1.8.0_161\jre\lib\ext;C:\WINDOWS\Sun\Java\lib\ext"/>
    <property name="sun.io.unicode.encoding" value="UnicodeLittle"/>
    <property name="java.class.version" value="52.0"/>
  </properties>
  <testcase name="contextLoads" classname="fr.zaroumia.helloworld.HelloWorldApplicationTests" time="0.239"/>
</testsuite>